2023.08.02 21:48:17 INFO  Started: Metals version 1.0.0 in folders 'C:\Projects\ZIO-from-scratch' for client Visual Studio Code 1.80.2.
Aug 02, 2023 9:48:17 PM org.flywaydb.core.internal.license.VersionPrinter printVersionOnly
INFO: Flyway Community Edition 9.20.1 by Redgate
Aug 02, 2023 9:48:17 PM org.flywaydb.core.internal.license.VersionPrinter printVersion
INFO: See release notes here: https://rd.gt/416ObMi
Aug 02, 2023 9:48:17 PM org.flywaydb.core.internal.license.VersionPrinter printVersion
INFO: 
Aug 02, 2023 9:48:18 PM org.flywaydb.core.internal.database.base.BaseDatabaseType createDatabase
INFO: Database: jdbc:h2:file:C:\Projects\ZIO-from-scratch\.metals\metals (H2 2.1)
Aug 02, 2023 9:48:18 PM org.flywaydb.core.internal.schemahistory.JdbcTableSchemaHistory allAppliedMigrations
INFO: Schema history table "PUBLIC"."flyway_schema_history" does not exist yet
Aug 02, 2023 9:48:18 PM org.flywaydb.core.internal.command.DbValidate validate
INFO: Successfully validated 4 migrations (execution time 00:00.035s)
Aug 02, 2023 9:48:18 PM org.flywaydb.core.internal.schemahistory.JdbcTableSchemaHistory create
INFO: Creating Schema History table "PUBLIC"."flyway_schema_history" ...
Aug 02, 2023 9:48:18 PM org.flywaydb.core.internal.command.DbMigrate migrateGroup
INFO: Current version of schema "PUBLIC": << Empty Schema >>
Aug 02, 2023 9:48:18 PM org.flywaydb.core.internal.command.DbMigrate doMigrateGroup
INFO: Migrating schema "PUBLIC" to version "1 - Create tables"
Aug 02, 2023 9:48:18 PM org.flywaydb.core.internal.command.DbMigrate doMigrateGroup
INFO: Migrating schema "PUBLIC" to version "2 - Server discovery"
Aug 02, 2023 9:48:18 PM org.flywaydb.core.internal.command.DbMigrate doMigrateGroup
INFO: Migrating schema "PUBLIC" to version "3 - Jar symbols"
Aug 02, 2023 9:48:18 PM org.flywaydb.core.internal.command.DbMigrate doMigrateGroup
INFO: Migrating schema "PUBLIC" to version "4 - Fingerprints"
Aug 02, 2023 9:48:18 PM org.flywaydb.core.internal.command.DbMigrate logSummary
INFO: Successfully applied 4 migrations to schema "PUBLIC", now at version v4 (execution time 00:00.037s)
2023.08.02 21:48:18 INFO  time: initialize in 1.15s
Aug 02, 2023 9:48:21 PM org.eclipse.lsp4j.jsonrpc.RemoteEndpoint handleCancellation
WARNING: Unmatched cancel notification for request id 2
2023.08.02 21:48:22 INFO  Running List(C:\Users\Siddh\AppData\Local\Coursier\data\bin\scala-cli.BAT, setup-ide, C:\Projects\ZIO-from-scratch)
2023.08.02 21:48:24 INFO  Scala CLI: Checking https://repo1.maven.org/maven2/org/scala-lang/scala-library/maven-metadata.xml
2023.08.02 21:48:24 INFO  Scala CLI: Checked https://repo1.maven.org/maven2/org/scala-lang/scala-library/maven-metadata.xml
2023.08.02 21:48:24 INFO  Scala CLI: Downloading https://repo1.maven.org/maven2/org/scala-lang/scala-library/maven-metadata.xml
2023.08.02 21:48:24 INFO  Scala CLI: Downloaded https://repo1.maven.org/maven2/org/scala-lang/scala-library/maven-metadata.xml
2023.08.02 21:48:24 INFO  Scala CLI: Downloading https://repo1.maven.org/maven2/org/scala-lang/scala3-library_3/maven-metadata.xml
2023.08.02 21:48:24 INFO  Scala CLI: Downloaded https://repo1.maven.org/maven2/org/scala-lang/scala3-library_3/maven-metadata.xml
2023.08.02 21:48:24 INFO  Scala CLI: Downloading https://github.com/VirtusLab/scala-cli-scala-versions/raw/main/scala-versions-v1.json
2023.08.02 21:48:25 INFO  Scala CLI: Downloaded https://github.com/VirtusLab/scala-cli-scala-versions/raw/main/scala-versions-v1.json
2023.08.02 21:48:26 INFO  Attempting to connect to the build server...
2023.08.02 21:48:26 INFO  Running BSP server List(C:\Users\Siddh\AppData\Local\Coursier\data\bin\.scala-cli.aux.exe, bsp, --json-options, C:\Projects\ZIO-from-scratch\.scala-build\ide-options-v2.json, C:\Projects\ZIO-from-scratch)
2023.08.02 21:48:26 WARN  No build session currently active to reload.
2023.08.02 21:48:26 INFO  tracing is disabled for protocol BSP, to enable tracing of incoming and outgoing JSON messages create an empty file at C:\Projects\ZIO-from-scratch\.metals\bsp.trace.json or C:\Users\Siddh\AppData\Local\scalameta\metals\cache\bsp.trace.json
2023.08.02 21:48:27 INFO  BSP server: Downloading https://github.com/coursier/jvm-index/raw/master/index.json
2023.08.02 21:48:28 INFO  no build target found for C:\Projects\ZIO-from-scratch\zio-learning\build.sbt. Using presentation compiler with project's scala-library version: 3.3.0
2023.08.02 21:48:28 WARN  no build target for: C:\Projects\ZIO-from-scratch\zio-learning\build.sbt
2023.08.02 21:48:29 INFO  BSP server: Downloaded https://github.com/coursier/jvm-index/raw/master/index.json
2023.08.02 21:48:29 INFO  BSP server: Downloading https://github.com/adoptium/temurin17-binaries/releases/download/jdk-17%2B35/OpenJDK17-jdk_x64_windows_hotspot_17_35.zip
2023.08.02 21:48:30 INFO  time: code lens generation in 1.76s
2023.08.02 21:48:30 INFO  time: code lens generation in 8.88s
2023.08.02 21:48:31 WARN  no build target for: C:\Projects\ZIO-from-scratch\zio-learning\build.sbt
2023.08.02 21:48:34 INFO  BSP server: Still downloading:
2023.08.02 21:48:34 INFO  BSP server: https://github.com/adoptium/temurin17-binaries/releases/download/jdk-17%2B35/OpenJDK17-jdk_x64_windows_hotspot_17_35.zip (32.51 %, 61345012 / 188690370)
2023.08.02 21:48:34 INFO  BSP server: 
2023.08.02 21:48:37 WARN  no build target for: C:\Projects\ZIO-from-scratch\zio-learning\build.sbt
2023.08.02 21:48:40 INFO  BSP server: Still downloading:
2023.08.02 21:48:40 INFO  BSP server: https://github.com/adoptium/temurin17-binaries/releases/download/jdk-17%2B35/OpenJDK17-jdk_x64_windows_hotspot_17_35.zip (82.28 %, 155245248 / 188690370)
2023.08.02 21:48:40 INFO  BSP server: 
2023.08.02 21:48:41 WARN  no build target for: C:\Projects\ZIO-from-scratch\zio-learning\build.sbt
2023.08.02 21:48:42 WARN  no build target for: C:\Projects\ZIO-from-scratch\zio-learning\build.sbt
2023.08.02 21:48:42 INFO  BSP server: Downloaded https://github.com/adoptium/temurin17-binaries/releases/download/jdk-17%2B35/OpenJDK17-jdk_x64_windows_hotspot_17_35.zip
2023.08.02 21:48:46 ERROR Timeout waiting for 'build/initialize' response
2023.08.02 21:48:46 WARN  Retrying connection to the build server scala-cli
2023.08.02 21:48:46 INFO  Running BSP server List(C:\Users\Siddh\AppData\Local\Coursier\data\bin\.scala-cli.aux.exe, bsp, --json-options, C:\Projects\ZIO-from-scratch\.scala-build\ide-options-v2.json, C:\Projects\ZIO-from-scratch)
2023.08.02 21:48:46 INFO  tracing is disabled for protocol BSP, to enable tracing of incoming and outgoing JSON messages create an empty file at C:\Projects\ZIO-from-scratch\.metals\bsp.trace.json or C:\Users\Siddh\AppData\Local\scalameta\metals\cache\bsp.trace.json
2023.08.02 21:48:50 WARN  no build target for: C:\Projects\ZIO-from-scratch\zio-learning\build.sbt
2023.08.02 21:48:59 INFO  BSP server: Starting compilation server
2023.08.02 21:48:59 INFO  BSP server: Downloading https://repo1.maven.org/maven2/io/github/alexarchambault/bleep/bloop-frontend_2.12/1.5.4-sc-3/bloop-frontend_2.12-1.5.4-sc-3.pom
2023.08.02 21:49:01 INFO  BSP server: Downloaded https://repo1.maven.org/maven2/io/github/alexarchambault/bleep/bloop-frontend_2.12/1.5.4-sc-3/bloop-frontend_2.12-1.5.4-sc-3.pom
2023.08.02 21:49:01 INFO  BSP server: Downloading https://repo1.maven.org/maven2/io/github/alexarchambault/bleep/bloop-backend_2.12/1.5.4-sc-3/bloop-backend_2.12-1.5.4-sc-3.pom
2023.08.02 21:49:01 INFO  BSP server: Downloading https://repo1.maven.org/maven2/io/github/alexarchambault/bleep/bloop-config_2.12/1.5.4-sc-3/bloop-config_2.12-1.5.4-sc-3.pom
2023.08.02 21:49:01 INFO  BSP server: Downloading https://repo1.maven.org/maven2/io/github/alexarchambault/libdaemon/libdaemon_2.12/0.0.10/libdaemon_2.12-0.0.10.pom
2023.08.02 21:49:01 INFO  BSP server: Downloading https://repo1.maven.org/maven2/ch/qos/logback/logback-classic/1.2.3/logback-classic-1.2.3.pom
2023.08.02 21:49:01 INFO  BSP server: Downloaded https://repo1.maven.org/maven2/io/github/alexarchambault/bleep/bloop-backend_2.12/1.5.4-sc-3/bloop-backend_2.12-1.5.4-sc-3.pom
2023.08.02 21:49:02 INFO  BSP server: Downloaded https://repo1.maven.org/maven2/ch/qos/logback/logback-classic/1.2.3/logback-classic-1.2.3.pom
2023.08.02 21:49:02 INFO  BSP server: Downloaded https://repo1.maven.org/maven2/io/github/alexarchambault/bleep/bloop-config_2.12/1.5.4-sc-3/bloop-config_2.12-1.5.4-sc-3.pom
2023.08.02 21:49:02 INFO  BSP server: Downloaded https://repo1.maven.org/maven2/io/github/alexarchambault/libdaemon/libdaemon_2.12/0.0.10/libdaemon_2.12-0.0.10.pom
2023.08.02 21:49:02 INFO  BSP server: Downloading https://repo1.maven.org/maven2/ch/qos/logback/logback-parent/1.2.3/logback-parent-1.2.3.pom
2023.08.02 21:49:02 INFO  BSP server: Downloaded https://repo1.maven.org/maven2/ch/qos/logback/logback-parent/1.2.3/logback-parent-1.2.3.pom
2023.08.02 21:49:02 INFO  BSP server: Downloading https://repo1.maven.org/maven2/io/github/alexarchambault/bleep/bloop-shared_2.12/1.5.4-sc-3/bloop-shared_2.12-1.5.4-sc-3.pom
2023.08.02 21:49:02 INFO  BSP server: Downloading https://repo1.maven.org/maven2/ch/qos/logback/logback-core/1.2.3/logback-core-1.2.3.pom
2023.08.02 21:49:02 INFO  BSP server: Downloading https://repo1.maven.org/maven2/io/github/alexarchambault/bleep/nailgun-server/1.0.3/nailgun-server-1.0.3.pom
2023.08.02 21:49:02 INFO  BSP server: Downloaded https://repo1.maven.org/maven2/ch/qos/logback/logback-core/1.2.3/logback-core-1.2.3.pom
2023.08.02 21:49:03 INFO  BSP server: Downloaded https://repo1.maven.org/maven2/io/github/alexarchambault/bleep/nailgun-server/1.0.3/nailgun-server-1.0.3.pom
2023.08.02 21:49:03 INFO  BSP server: Downloaded https://repo1.maven.org/maven2/io/github/alexarchambault/bleep/bloop-shared_2.12/1.5.4-sc-3/bloop-shared_2.12-1.5.4-sc-3.pom
2023.08.02 21:49:03 INFO  BSP server: Downloading https://repo1.maven.org/maven2/io/get-coursier/interface/1.0.7/interface-1.0.7.pom
2023.08.02 21:49:03 INFO  BSP server: Downloading https://repo1.maven.org/maven2/net/java/dev/jna/jna-platform/4.4.0/jna-platform-4.4.0.pom
2023.08.02 21:49:03 INFO  BSP server: Downloading https://repo1.maven.org/maven2/net/java/dev/jna/jna/4.5.2/jna-4.5.2.pom
2023.08.02 21:49:03 INFO  BSP server: Downloaded https://repo1.maven.org/maven2/net/java/dev/jna/jna-platform/4.4.0/jna-platform-4.4.0.pom
2023.08.02 21:49:03 INFO  BSP server: Downloaded https://repo1.maven.org/maven2/io/get-coursier/interface/1.0.7/interface-1.0.7.pom
2023.08.02 21:49:03 INFO  BSP server: Downloaded https://repo1.maven.org/maven2/net/java/dev/jna/jna/4.5.2/jna-4.5.2.pom
2023.08.02 21:49:04 INFO  BSP server: Downloading https://repo1.maven.org/maven2/org/scala-sbt/util-logging_2.12/1.1.3/util-logging_2.12-1.1.3.pom
2023.08.02 21:49:04 INFO  BSP server: Downloading https://repo1.maven.org/maven2/org/scala-sbt/launcher-interface/1.0.0/launcher-interface-1.0.0.pom
2023.08.02 21:49:04 INFO  BSP server: Downloading https://repo1.maven.org/maven2/org/scala-sbt/io_2.12/1.1.3/io_2.12-1.1.3.pom
2023.08.02 21:49:04 INFO  BSP server: Downloaded https://repo1.maven.org/maven2/org/scala-sbt/io_2.12/1.1.3/io_2.12-1.1.3.pom
2023.08.02 21:49:04 INFO  BSP server: Downloaded https://repo1.maven.org/maven2/org/scala-sbt/launcher-interface/1.0.0/launcher-interface-1.0.0.pom
2023.08.02 21:49:04 INFO  BSP server: Downloaded https://repo1.maven.org/maven2/org/scala-sbt/util-logging_2.12/1.1.3/util-logging_2.12-1.1.3.pom
2023.08.02 21:49:04 INFO  BSP server: Downloading https://repo1.maven.org/maven2/jline/jline/2.14.4/jline-2.14.4.pom
2023.08.02 21:49:04 INFO  BSP server: Downloading https://repo1.maven.org/maven2/org/scala-sbt/util-interface/1.1.3/util-interface-1.1.3.pom
2023.08.02 21:49:04 INFO  BSP server: Downloading https://repo1.maven.org/maven2/net/java/dev/jna/jna-platform/4.5.0/jna-platform-4.5.0.pom
2023.08.02 21:49:04 INFO  BSP server: Downloading https://repo1.maven.org/maven2/com/lmax/disruptor/3.3.6/disruptor-3.3.6.pom
2023.08.02 21:49:04 INFO  BSP server: Downloading https://repo1.maven.org/maven2/com/eed3si9n/sjson-new-scalajson_2.12/0.8.2/sjson-new-scalajson_2.12-0.8.2.pom
2023.08.02 21:49:04 INFO  BSP server: Downloaded https://repo1.maven.org/maven2/net/java/dev/jna/jna-platform/4.5.0/jna-platform-4.5.0.pom
2023.08.02 21:49:04 INFO  BSP server: Downloaded https://repo1.maven.org/maven2/org/scala-sbt/util-interface/1.1.3/util-interface-1.1.3.pom
2023.08.02 21:49:04 INFO  BSP server: Downloaded https://repo1.maven.org/maven2/com/lmax/disruptor/3.3.6/disruptor-3.3.6.pom
2023.08.02 21:49:04 INFO  BSP server: Downloaded https://repo1.maven.org/maven2/jline/jline/2.14.4/jline-2.14.4.pom
2023.08.02 21:49:05 INFO  BSP server: Downloaded https://repo1.maven.org/maven2/com/eed3si9n/sjson-new-scalajson_2.12/0.8.2/sjson-new-scalajson_2.12-0.8.2.pom
2023.08.02 21:49:05 INFO  BSP server: Downloading https://repo1.maven.org/maven2/org/spire-math/jawn-parser_2.12/0.10.4/jawn-parser_2.12-0.10.4.pom
2023.08.02 21:49:05 INFO  BSP server: Downloaded https://repo1.maven.org/maven2/org/spire-math/jawn-parser_2.12/0.10.4/jawn-parser_2.12-0.10.4.pom
2023.08.02 21:49:06 INFO  BSP server: Downloading https://repo1.maven.org/maven2/io/github/alexarchambault/libdaemon/libdaemon_2.12/0.0.10/libdaemon_2.12-0.0.10.jar
2023.08.02 21:49:06 INFO  BSP server: Downloading https://repo1.maven.org/maven2/ch/qos/logback/logback-classic/1.2.3/logback-classic-1.2.3.jar
2023.08.02 21:49:06 INFO  BSP server: Downloading https://repo1.maven.org/maven2/io/github/alexarchambault/bleep/bloop-config_2.12/1.5.4-sc-3/bloop-config_2.12-1.5.4-sc-3.jar
2023.08.02 21:49:06 INFO  BSP server: Downloading https://repo1.maven.org/maven2/io/get-coursier/interface/1.0.7/interface-1.0.7.jar
2023.08.02 21:49:06 INFO  BSP server: Downloading https://repo1.maven.org/maven2/io/github/alexarchambault/bleep/bloop-frontend_2.12/1.5.4-sc-3/bloop-frontend_2.12-1.5.4-sc-3.jar
2023.08.02 21:49:06 ERROR Timeout waiting for 'build/initialize' response
2023.08.02 21:49:06 WARN  Retrying connection to the build server scala-cli
2023.08.02 21:49:06 INFO  Running BSP server List(C:\Users\Siddh\AppData\Local\Coursier\data\bin\.scala-cli.aux.exe, bsp, --json-options, C:\Projects\ZIO-from-scratch\.scala-build\ide-options-v2.json, C:\Projects\ZIO-from-scratch)
2023.08.02 21:49:06 INFO  tracing is disabled for protocol BSP, to enable tracing of incoming and outgoing JSON messages create an empty file at C:\Projects\ZIO-from-scratch\.metals\bsp.trace.json or C:\Users\Siddh\AppData\Local\scalameta\metals\cache\bsp.trace.json
2023.08.02 21:49:07 INFO  BSP server: Starting compilation server
2023.08.02 21:49:07 INFO  BSP server: Downloading https://repo1.maven.org/maven2/io/get-coursier/interface/1.0.7/interface-1.0.7.jar
2023.08.02 21:49:07 INFO  BSP server: Downloading https://repo1.maven.org/maven2/io/github/alexarchambault/bleep/bloop-config_2.12/1.5.4-sc-3/bloop-config_2.12-1.5.4-sc-3.jar
2023.08.02 21:49:07 INFO  BSP server: Downloading https://repo1.maven.org/maven2/io/github/alexarchambault/libdaemon/libdaemon_2.12/0.0.10/libdaemon_2.12-0.0.10.jar
2023.08.02 21:49:07 INFO  BSP server: Downloading https://repo1.maven.org/maven2/ch/qos/logback/logback-classic/1.2.3/logback-classic-1.2.3.jar
2023.08.02 21:49:07 INFO  BSP server: Downloading https://repo1.maven.org/maven2/ch/qos/logback/logback-core/1.2.3/logback-core-1.2.3.jar
2023.08.02 21:49:07 INFO  BSP server: Downloading https://repo1.maven.org/maven2/io/github/alexarchambault/bleep/bloop-shared_2.12/1.5.4-sc-3/bloop-shared_2.12-1.5.4-sc-3.jar
2023.08.02 21:49:08 INFO  BSP server: Downloaded https://repo1.maven.org/maven2/io/github/alexarchambault/libdaemon/libdaemon_2.12/0.0.10/libdaemon_2.12-0.0.10.jar
2023.08.02 21:49:08 INFO  BSP server: Downloading https://repo1.maven.org/maven2/io/github/alexarchambault/bleep/bloop-frontend_2.12/1.5.4-sc-3/bloop-frontend_2.12-1.5.4-sc-3.jar
2023.08.02 21:49:08 INFO  BSP server: Downloaded https://repo1.maven.org/maven2/io/github/alexarchambault/bleep/bloop-shared_2.12/1.5.4-sc-3/bloop-shared_2.12-1.5.4-sc-3.jar
2023.08.02 21:49:08 INFO  BSP server: Downloading https://repo1.maven.org/maven2/io/github/alexarchambault/bleep/bloop-backend_2.12/1.5.4-sc-3/bloop-backend_2.12-1.5.4-sc-3.jar
2023.08.02 21:49:08 INFO  BSP server: Downloaded https://repo1.maven.org/maven2/io/github/alexarchambault/bleep/bloop-config_2.12/1.5.4-sc-3/bloop-config_2.12-1.5.4-sc-3.jar
2023.08.02 21:49:08 INFO  BSP server: Downloading https://repo1.maven.org/maven2/io/github/alexarchambault/bleep/nailgun-server/1.0.3/nailgun-server-1.0.3.jar
2023.08.02 21:49:08 INFO  BSP server: Downloaded https://repo1.maven.org/maven2/ch/qos/logback/logback-classic/1.2.3/logback-classic-1.2.3.jar
2023.08.02 21:49:08 INFO  BSP server: Downloaded https://repo1.maven.org/maven2/ch/qos/logback/logback-core/1.2.3/logback-core-1.2.3.jar
2023.08.02 21:49:09 INFO  BSP server: Downloaded https://repo1.maven.org/maven2/io/github/alexarchambault/bleep/bloop-backend_2.12/1.5.4-sc-3/bloop-backend_2.12-1.5.4-sc-3.jar
2023.08.02 21:49:09 INFO  BSP server: Downloaded https://repo1.maven.org/maven2/io/github/alexarchambault/bleep/nailgun-server/1.0.3/nailgun-server-1.0.3.jar
2023.08.02 21:49:09 INFO  BSP server: Downloaded https://repo1.maven.org/maven2/io/get-coursier/interface/1.0.7/interface-1.0.7.jar
2023.08.02 21:49:11 INFO  BSP server: Downloaded https://repo1.maven.org/maven2/io/github/alexarchambault/bleep/bloop-frontend_2.12/1.5.4-sc-3/bloop-frontend_2.12-1.5.4-sc-3.jar
2023.08.02 21:49:24 INFO  time: Connected to build server in 57s
2023.08.02 21:49:24 INFO  Connected to Build server: scala-cli v0.1.17
2023.08.02 21:49:24 INFO  time: Imported build in 0.75s
2023.08.02 21:49:26 INFO  compiling project_bd2c96d2de (1 scala source)
2023.08.02 21:49:34 INFO  time: compiled project_bd2c96d2de in 8.03s
2023.08.02 21:49:34 INFO  time: indexed workspace in 9.7s
2023.08.02 21:49:34 WARN  no build target for: C:\Projects\ZIO-from-scratch\zio-learning\build.sbt
2023.08.02 21:49:38 WARN  no build target for: C:\Projects\ZIO-from-scratch\zio-learning\build.sbt
2023.08.02 21:49:40 INFO  time: code lens generation in 1.69s
2023.08.02 21:49:40 INFO  time: code lens generation in 5.43s
2023.08.02 21:49:41 WARN  no build target for: C:\Projects\ZIO-from-scratch\zio-learning\build.sbt
2023.08.02 21:49:46 WARN  no build target for: C:\Projects\ZIO-from-scratch\zio-learning\build.sbt
2023.08.02 21:49:48 WARN  no build target for: C:\Projects\ZIO-from-scratch\zio-learning\build.sbt
2023.08.02 21:49:50 WARN  no build target for: C:\Projects\ZIO-from-scratch\zio-learning\build.sbt
2023.08.02 22:33:36 WARN  no build target for: C:\Projects\ZIO-from-scratch\zio-learning\src\main\scala\Basics.scala
2023.08.02 22:33:37 INFO  Disconnecting from scala-cli session...
2023.08.02 22:33:37 INFO  Shut down connection with build server.
2023.08.02 22:33:37 INFO  Attempting to connect to the build server...
2023.08.02 22:33:37 INFO  Running BSP server List(C:\Users\Siddh\AppData\Local\Coursier\data\bin\.scala-cli.aux.exe, bsp, --json-options, C:\Projects\ZIO-from-scratch\.scala-build\ide-options-v2.json, C:\Projects\ZIO-from-scratch)
2023.08.02 22:33:37 INFO  tracing is disabled for protocol BSP, to enable tracing of incoming and outgoing JSON messages create an empty file at C:\Projects\ZIO-from-scratch\.metals\bsp.trace.json or C:\Users\Siddh\AppData\Local\scalameta\metals\cache\bsp.trace.json
2023.08.02 22:33:44 WARN  no build target for: C:\Projects\ZIO-from-scratch\zio-learning\src\main\scala\Basics.scala
2023.08.02 22:33:45 INFO  time: Connected to build server in 7.6s
2023.08.02 22:33:45 INFO  Connected to Build server: scala-cli v0.1.17
2023.08.02 22:33:45 INFO  time: Imported build in 0.11s
2023.08.02 22:33:46 INFO  compiling project_bd2c96d2de (1 scala source)
2023.08.02 22:33:46 INFO  time: compiled project_bd2c96d2de in 0.68s
2023.08.02 22:33:47 INFO  compiling project_bd2c96d2de (1 scala source)
2023.08.02 22:33:47 INFO  time: compiled project_bd2c96d2de in 0.33s
2023.08.02 22:33:48 INFO  compiling project_bd2c96d2de (1 scala source)
2023.08.02 22:33:48 INFO  time: compiled project_bd2c96d2de in 0.24s
2023.08.02 22:33:48 INFO  time: indexed workspace in 3.77s
2023.08.02 22:33:48 WARN  no build target for: C:\Projects\ZIO-from-scratch\zio-learning\build.sbt
2023.08.02 22:33:49 INFO  compiling project_bd2c96d2de (1 scala source)
2023.08.02 22:33:54 INFO  time: compiled project_bd2c96d2de in 4.71s
2023.08.02 22:33:54 INFO  compiling project_bd2c96d2de (1 scala source)
2023.08.02 22:33:54 INFO  time: compiled project_bd2c96d2de in 43ms
Aug 02, 2023 10:33:54 PM org.eclipse.lsp4j.jsonrpc.RemoteEndpoint handleCancellation
WARNING: Unmatched cancel notification for request id 121
2023.08.02 22:33:54 INFO  Refreshed build after change
Aug 02, 2023 10:33:54 PM org.eclipse.lsp4j.jsonrpc.RemoteEndpoint handleCancellation
WARNING: Unmatched cancel notification for request id 123
Aug 02, 2023 10:33:54 PM org.eclipse.lsp4j.jsonrpc.RemoteEndpoint handleCancellation
WARNING: Unmatched cancel notification for request id 124
Aug 02, 2023 10:33:54 PM org.eclipse.lsp4j.jsonrpc.RemoteEndpoint handleCancellation
WARNING: Unmatched cancel notification for request id 125
Aug 02, 2023 10:33:54 PM org.eclipse.lsp4j.jsonrpc.RemoteEndpoint handleCancellation
WARNING: Unmatched cancel notification for request id 126
Aug 02, 2023 10:33:54 PM org.eclipse.lsp4j.jsonrpc.RemoteEndpoint handleCancellation
WARNING: Unmatched cancel notification for request id 127
Aug 02, 2023 10:33:54 PM org.eclipse.lsp4j.jsonrpc.RemoteEndpoint handleCancellation
WARNING: Unmatched cancel notification for request id 128
Aug 02, 2023 10:33:54 PM org.eclipse.lsp4j.jsonrpc.RemoteEndpoint handleCancellation
WARNING: Unmatched cancel notification for request id 129
Aug 02, 2023 10:33:54 PM org.eclipse.lsp4j.jsonrpc.RemoteEndpoint handleCancellation
WARNING: Unmatched cancel notification for request id 130
Aug 02, 2023 10:33:54 PM org.eclipse.lsp4j.jsonrpc.RemoteEndpoint handleCancellation
WARNING: Unmatched cancel notification for request id 131
Aug 02, 2023 10:33:54 PM org.eclipse.lsp4j.jsonrpc.RemoteEndpoint handleCancellation
WARNING: Unmatched cancel notification for request id 132
Aug 02, 2023 10:33:54 PM org.eclipse.lsp4j.jsonrpc.RemoteEndpoint handleCancellation
WARNING: Unmatched cancel notification for request id 134
Aug 02, 2023 10:33:54 PM org.eclipse.lsp4j.jsonrpc.RemoteEndpoint handleCancellation
WARNING: Unmatched cancel notification for request id 133
Aug 02, 2023 10:33:54 PM org.eclipse.lsp4j.jsonrpc.RemoteEndpoint handleCancellation
WARNING: Unmatched cancel notification for request id 135
Aug 02, 2023 10:33:54 PM org.eclipse.lsp4j.jsonrpc.RemoteEndpoint handleCancellation
WARNING: Unmatched cancel notification for request id 136
2023.08.02 22:33:55 INFO  compiling project_bd2c96d2de (1 scala source)
2023.08.02 22:33:55 INFO  time: compiled project_bd2c96d2de in 0.18s
2023.08.02 22:33:55 INFO  compiling project_bd2c96d2de (1 scala source)
2023.08.02 22:33:56 INFO  time: compiled project_bd2c96d2de in 0.16s
2023.08.02 22:36:10 INFO  compiling project_bd2c96d2de (1 scala source)
2023.08.02 22:36:10 INFO  time: compiled project_bd2c96d2de in 0.16s
2023.08.02 22:36:12 INFO  compiling project_bd2c96d2de (1 scala source)
2023.08.02 22:36:12 INFO  time: compiled project_bd2c96d2de in 0.16s
2023.08.02 22:36:13 INFO  compiling project_bd2c96d2de (1 scala source)
2023.08.02 22:36:13 INFO  time: compiled project_bd2c96d2de in 0.18s
2023.08.02 22:36:30 INFO  compiling project_bd2c96d2de (1 scala source)
2023.08.02 22:36:30 INFO  time: compiled project_bd2c96d2de in 0.14s
2023.08.02 22:36:33 INFO  compiling project_bd2c96d2de (1 scala source)
2023.08.02 22:36:33 INFO  time: compiled project_bd2c96d2de in 0.19s
2023.08.02 22:36:38 INFO  compiling project_bd2c96d2de (1 scala source)
2023.08.02 22:36:38 INFO  time: compiled project_bd2c96d2de in 0.14s
2023.08.02 22:36:40 INFO  compiling project_bd2c96d2de (1 scala source)
2023.08.02 22:36:40 INFO  time: compiled project_bd2c96d2de in 0.15s
2023.08.02 22:36:50 INFO  compiling project_bd2c96d2de (1 scala source)
2023.08.02 22:36:50 INFO  time: compiled project_bd2c96d2de in 0.16s
2023.08.02 22:36:52 INFO  compiling project_bd2c96d2de (1 scala source)
2023.08.02 22:36:52 INFO  time: compiled project_bd2c96d2de in 0.14s
2023.08.02 22:36:59 INFO  compiling project_bd2c96d2de (1 scala source)
2023.08.02 22:36:59 INFO  time: compiled project_bd2c96d2de in 0.15s
2023.08.02 22:37:05 INFO  compiling project_bd2c96d2de (1 scala source)
2023.08.02 22:37:05 INFO  time: compiled project_bd2c96d2de in 0.17s
2023.08.02 22:37:12 INFO  compiling project_bd2c96d2de (1 scala source)
2023.08.02 22:37:12 INFO  time: compiled project_bd2c96d2de in 0.16s
2023.08.02 22:37:21 INFO  compiling project_bd2c96d2de (1 scala source)
2023.08.02 22:37:21 INFO  time: compiled project_bd2c96d2de in 0.14s
2023.08.02 22:37:23 INFO  compiling project_bd2c96d2de (1 scala source)
2023.08.02 22:37:23 INFO  time: compiled project_bd2c96d2de in 0.23s
2023.08.02 22:37:27 INFO  compiling project_bd2c96d2de (1 scala source)
2023.08.02 22:37:27 INFO  time: compiled project_bd2c96d2de in 0.13s
2023.08.02 22:37:30 INFO  compiling project_bd2c96d2de (1 scala source)
2023.08.02 22:37:30 INFO  time: compiled project_bd2c96d2de in 0.17s
2023.08.02 22:37:34 INFO  compiling project_bd2c96d2de (1 scala source)
2023.08.02 22:37:34 INFO  time: compiled project_bd2c96d2de in 0.18s
2023.08.02 22:37:36 INFO  compiling project_bd2c96d2de (1 scala source)
2023.08.02 22:37:36 INFO  time: compiled project_bd2c96d2de in 0.17s
2023.08.02 22:37:36 INFO  compiling project_bd2c96d2de (1 scala source)
2023.08.02 22:37:37 INFO  time: compiled project_bd2c96d2de in 0.2s
2023.08.02 22:37:39 INFO  compiling project_bd2c96d2de (1 scala source)
2023.08.02 22:37:39 INFO  time: compiled project_bd2c96d2de in 0.18s
2023.08.02 22:37:51 INFO  compiling project_bd2c96d2de (1 scala source)
2023.08.02 22:37:51 INFO  time: compiled project_bd2c96d2de in 0.19s
2023.08.02 22:37:56 INFO  compiling project_bd2c96d2de (1 scala source)
2023.08.02 22:37:56 INFO  time: compiled project_bd2c96d2de in 0.2s
2023.08.02 22:47:23 WARN  no build target for: C:\Projects\ZIO-from-scratch\zio-learning\build.sbt
2023.08.02 22:47:26 WARN  no build target for: C:\Projects\ZIO-from-scratch\zio-learning\build.sbt
2023.08.02 22:47:31 WARN  no build target for: C:\Projects\ZIO-from-scratch\zio-learning\build.sbt
2023.08.02 22:47:36 WARN  no build target for: C:\Projects\ZIO-from-scratch\zio-learning\build.sbt
2023.08.02 22:47:40 WARN  no build target for: C:\Projects\ZIO-from-scratch\zio-learning\build.sbt
2023.08.02 22:48:12 INFO  compiling project_bd2c96d2de (1 scala source)
2023.08.02 22:48:12 INFO  time: compiled project_bd2c96d2de in 0.23s
2023.08.02 22:48:24 INFO  compiling project_bd2c96d2de (1 scala source)
2023.08.02 22:48:24 INFO  time: compiled project_bd2c96d2de in 0.18s
2023.08.02 22:48:25 INFO  compiling project_bd2c96d2de (1 scala source)
2023.08.02 22:48:25 INFO  time: compiled project_bd2c96d2de in 0.2s
2023.08.02 23:00:00 WARN  no build target for: C:\Projects\ZIO-from-scratch\zio-learning\build.sbt
2023.08.02 23:00:02 WARN  no build target for: C:\Projects\ZIO-from-scratch\zio-learning\build.sbt
2023.08.02 23:00:05 WARN  no build target for: C:\Projects\ZIO-from-scratch\zio-learning\build.sbt
Aug 02, 2023 11:00:06 PM org.eclipse.lsp4j.jsonrpc.RemoteEndpoint handleCancellation
WARNING: Unmatched cancel notification for request id 561
2023.08.02 23:00:10 WARN  no build target for: C:\Projects\ZIO-from-scratch\zio-learning\build.sbt
2023.08.02 23:08:18 INFO  compiling project_bd2c96d2de (1 scala source)
2023.08.02 23:08:18 INFO  time: compiled project_bd2c96d2de in 0.35s
2023.08.02 23:08:44 WARN  Using indexes to guess the definition of Any
2023.08.02 23:08:45 INFO  compiling project_bd2c96d2de (1 scala source)
2023.08.02 23:08:45 INFO  time: compiled project_bd2c96d2de in 96ms
2023.08.02 23:08:47 INFO  compiling project_bd2c96d2de (1 scala source)
2023.08.02 23:08:47 INFO  time: compiled project_bd2c96d2de in 0.17s
2023.08.02 23:08:55 INFO  compiling project_bd2c96d2de (1 scala source)
2023.08.02 23:08:55 INFO  time: compiled project_bd2c96d2de in 66ms
2023.08.02 23:09:28 INFO  compiling project_bd2c96d2de (1 scala source)
2023.08.02 23:09:28 INFO  time: compiled project_bd2c96d2de in 57ms
2023.08.02 23:09:30 INFO  compiling project_bd2c96d2de (1 scala source)
2023.08.02 23:09:30 INFO  time: compiled project_bd2c96d2de in 84ms
Aug 02, 2023 11:45:22 PM org.eclipse.lsp4j.jsonrpc.RemoteEndpoint handleCancellation
WARNING: Unmatched cancel notification for request id 648
2023.08.02 23:46:38 INFO  compiling project_bd2c96d2de (1 scala source)
2023.08.02 23:46:38 INFO  time: compiled project_bd2c96d2de in 0.2s
2023.08.02 23:47:49 INFO  compiling project_bd2c96d2de (1 scala source)
2023.08.02 23:47:49 INFO  time: compiled project_bd2c96d2de in 0.12s
2023.08.02 23:47:51 INFO  compiling project_bd2c96d2de (1 scala source)
2023.08.02 23:47:51 INFO  time: compiled project_bd2c96d2de in 0.1s
2023.08.02 23:54:15 WARN  no build target for: C:\Projects\ZIO-from-scratch\zio-learning\build.sbt
2023.08.02 23:54:18 WARN  no build target for: C:\Projects\ZIO-from-scratch\zio-learning\build.sbt
2023.08.02 23:56:16 INFO  compiling project_bd2c96d2de (1 scala source)
2023.08.02 23:56:16 INFO  time: compiled project_bd2c96d2de in 0.27s
2023.08.02 23:56:21 INFO  compiling project_bd2c96d2de (1 scala source)
2023.08.02 23:56:21 INFO  time: compiled project_bd2c96d2de in 79ms
2023.08.02 23:56:25 INFO  compiling project_bd2c96d2de (1 scala source)
2023.08.02 23:56:25 INFO  time: compiled project_bd2c96d2de in 0.1s
2023.08.03 00:03:43 INFO  compiling project_bd2c96d2de (1 scala source)
2023.08.03 00:03:43 INFO  time: compiled project_bd2c96d2de in 0.1s
2023.08.03 00:04:04 INFO  compiling project_bd2c96d2de (1 scala source)
2023.08.03 00:04:04 INFO  time: compiled project_bd2c96d2de in 87ms
2023.08.03 00:04:20 INFO  compiling project_bd2c96d2de (1 scala source)
2023.08.03 00:04:20 INFO  time: compiled project_bd2c96d2de in 0.12s
2023.08.03 15:00:01 INFO  compiling project_bd2c96d2de (1 scala source)
2023.08.03 15:00:01 INFO  time: compiled project_bd2c96d2de in 0.75s
2023.08.03 15:00:04 INFO  compiling project_bd2c96d2de (1 scala source)
2023.08.03 15:00:04 INFO  time: compiled project_bd2c96d2de in 0.21s
2023.08.03 15:00:07 INFO  compiling project_bd2c96d2de (1 scala source)
2023.08.03 15:00:07 INFO  time: compiled project_bd2c96d2de in 0.23s
2023.08.03 15:00:11 INFO  compiling project_bd2c96d2de (1 scala source)
2023.08.03 15:00:11 INFO  time: compiled project_bd2c96d2de in 0.18s
2023.08.03 15:00:13 INFO  compiling project_bd2c96d2de (1 scala source)
2023.08.03 15:00:13 INFO  time: compiled project_bd2c96d2de in 0.2s
2023.08.03 15:00:27 INFO  compiling project_bd2c96d2de (1 scala source)
2023.08.03 15:00:27 INFO  time: compiled project_bd2c96d2de in 0.18s
2023.08.03 15:00:41 INFO  compiling project_bd2c96d2de (1 scala source)
2023.08.03 15:00:41 INFO  time: compiled project_bd2c96d2de in 0.17s
2023.08.03 15:00:54 INFO  compiling project_bd2c96d2de (1 scala source)
2023.08.03 15:00:54 INFO  time: compiled project_bd2c96d2de in 0.2s
2023.08.03 15:01:01 INFO  compiling project_bd2c96d2de (1 scala source)
2023.08.03 15:01:01 INFO  time: compiled project_bd2c96d2de in 0.16s
2023.08.03 15:01:03 INFO  compiling project_bd2c96d2de (1 scala source)
2023.08.03 15:01:03 INFO  time: compiled project_bd2c96d2de in 0.17s
2023.08.03 15:37:12 INFO  compiling project_bd2c96d2de (1 scala source)
2023.08.03 15:37:12 INFO  time: compiled project_bd2c96d2de in 0.25s
2023.08.03 15:37:16 INFO  compiling project_bd2c96d2de (1 scala source)
2023.08.03 15:37:16 INFO  time: compiled project_bd2c96d2de in 0.17s
2023.08.03 15:37:20 INFO  compiling project_bd2c96d2de (1 scala source)
2023.08.03 15:37:20 INFO  time: compiled project_bd2c96d2de in 0.11s
2023.08.03 15:37:21 INFO  compiling project_bd2c96d2de (1 scala source)
2023.08.03 15:37:21 INFO  time: compiled project_bd2c96d2de in 91ms
2023.08.03 15:37:25 INFO  compiling project_bd2c96d2de (1 scala source)
2023.08.03 15:37:25 INFO  time: compiled project_bd2c96d2de in 90ms
2023.08.03 15:37:32 INFO  compiling project_bd2c96d2de (1 scala source)
2023.08.03 15:37:32 INFO  time: compiled project_bd2c96d2de in 83ms
2023.08.03 15:37:33 INFO  compiling project_bd2c96d2de (1 scala source)
2023.08.03 15:37:33 INFO  time: compiled project_bd2c96d2de in 85ms
2023.08.03 15:37:35 INFO  compiling project_bd2c96d2de (1 scala source)
2023.08.03 15:37:35 INFO  time: compiled project_bd2c96d2de in 0.13s
2023.08.03 15:43:27 INFO  compiling project_bd2c96d2de (1 scala source)
2023.08.03 15:43:27 INFO  time: compiled project_bd2c96d2de in 0.18s
2023.08.03 15:43:29 INFO  compiling project_bd2c96d2de (1 scala source)
2023.08.03 15:43:29 INFO  time: compiled project_bd2c96d2de in 0.14s
2023.08.03 15:43:31 INFO  compiling project_bd2c96d2de (1 scala source)
2023.08.03 15:43:31 INFO  time: compiled project_bd2c96d2de in 0.16s
2023.08.03 15:43:36 INFO  compiling project_bd2c96d2de (1 scala source)
2023.08.03 15:43:36 INFO  time: compiled project_bd2c96d2de in 84ms
2023.08.03 15:43:37 INFO  compiling project_bd2c96d2de (1 scala source)
2023.08.03 15:43:37 INFO  time: compiled project_bd2c96d2de in 76ms
2023.08.03 15:43:55 INFO  compiling project_bd2c96d2de (1 scala source)
2023.08.03 15:43:55 INFO  time: compiled project_bd2c96d2de in 0.11s
2023.08.03 15:44:09 INFO  compiling project_bd2c96d2de (1 scala source)
2023.08.03 15:44:09 INFO  time: compiled project_bd2c96d2de in 0.15s
2023.08.03 15:44:13 INFO  compiling project_bd2c96d2de (1 scala source)
2023.08.03 15:44:13 INFO  time: compiled project_bd2c96d2de in 0.15s
2023.08.03 15:44:24 INFO  compiling project_bd2c96d2de (1 scala source)
2023.08.03 15:44:24 INFO  time: compiled project_bd2c96d2de in 73ms
2023.08.03 15:44:26 INFO  compiling project_bd2c96d2de (1 scala source)
2023.08.03 15:44:26 INFO  time: compiled project_bd2c96d2de in 76ms
2023.08.03 15:44:29 INFO  compiling project_bd2c96d2de (1 scala source)
2023.08.03 15:44:29 INFO  time: compiled project_bd2c96d2de in 0.11s
2023.08.03 15:44:39 INFO  compiling project_bd2c96d2de (1 scala source)
2023.08.03 15:44:39 INFO  time: compiled project_bd2c96d2de in 0.12s
2023.08.03 15:44:44 INFO  compiling project_bd2c96d2de (1 scala source)
2023.08.03 15:44:44 INFO  time: compiled project_bd2c96d2de in 0.18s
2023.08.03 15:44:46 INFO  compiling project_bd2c96d2de (1 scala source)
2023.08.03 15:44:46 INFO  time: compiled project_bd2c96d2de in 75ms
2023.08.03 15:44:50 INFO  compiling project_bd2c96d2de (1 scala source)
2023.08.03 15:44:50 INFO  time: compiled project_bd2c96d2de in 0.11s
2023.08.03 15:44:54 INFO  compiling project_bd2c96d2de (1 scala source)
2023.08.03 15:44:54 INFO  time: compiled project_bd2c96d2de in 86ms
2023.08.03 15:44:55 INFO  compiling project_bd2c96d2de (1 scala source)
2023.08.03 15:44:55 INFO  time: compiled project_bd2c96d2de in 69ms
2023.08.03 15:45:14 INFO  compiling project_bd2c96d2de (1 scala source)
2023.08.03 15:45:14 INFO  time: compiled project_bd2c96d2de in 94ms
2023.08.03 15:45:16 INFO  compiling project_bd2c96d2de (1 scala source)
2023.08.03 15:45:16 INFO  time: compiled project_bd2c96d2de in 76ms
Aug 03, 2023 3:45:19 PM org.eclipse.lsp4j.jsonrpc.RemoteEndpoint handleCancellation
WARNING: Unmatched cancel notification for request id 1415
2023.08.03 15:45:20 INFO  compiling project_bd2c96d2de (1 scala source)
2023.08.03 15:45:20 INFO  time: compiled project_bd2c96d2de in 86ms
2023.08.03 15:45:25 INFO  compiling project_bd2c96d2de (1 scala source)
2023.08.03 15:45:25 INFO  time: compiled project_bd2c96d2de in 0.11s
2023.08.03 15:48:51 INFO  compiling project_bd2c96d2de (1 scala source)
2023.08.03 15:48:51 INFO  time: compiled project_bd2c96d2de in 90ms
2023.08.03 15:48:54 INFO  compiling project_bd2c96d2de (1 scala source)
2023.08.03 15:48:54 INFO  time: compiled project_bd2c96d2de in 91ms
2023.08.03 15:49:16 INFO  compiling project_bd2c96d2de (1 scala source)
2023.08.03 15:49:16 INFO  time: compiled project_bd2c96d2de in 75ms
2023.08.03 15:49:25 INFO  compiling project_bd2c96d2de (1 scala source)
2023.08.03 15:49:25 INFO  time: compiled project_bd2c96d2de in 67ms
2023.08.03 15:49:44 INFO  compiling project_bd2c96d2de (1 scala source)
2023.08.03 15:49:44 INFO  time: compiled project_bd2c96d2de in 82ms
2023.08.03 15:49:48 INFO  compiling project_bd2c96d2de (1 scala source)
2023.08.03 15:49:48 INFO  time: compiled project_bd2c96d2de in 63ms
2023.08.03 15:52:14 INFO  compiling project_bd2c96d2de (1 scala source)
2023.08.03 15:52:14 INFO  time: compiled project_bd2c96d2de in 0.17s
2023.08.03 15:52:16 INFO  compiling project_bd2c96d2de (1 scala source)
2023.08.03 15:52:16 INFO  time: compiled project_bd2c96d2de in 98ms
2023.08.03 15:53:52 INFO  compiling project_bd2c96d2de (1 scala source)
2023.08.03 15:53:52 INFO  time: compiled project_bd2c96d2de in 82ms
2023.08.03 15:54:08 INFO  compiling project_bd2c96d2de (1 scala source)
2023.08.03 15:54:08 INFO  time: compiled project_bd2c96d2de in 84ms
2023.08.03 15:54:12 INFO  compiling project_bd2c96d2de (1 scala source)
2023.08.03 15:54:12 INFO  time: compiled project_bd2c96d2de in 0.1s
2023.08.03 15:54:28 INFO  compiling project_bd2c96d2de (1 scala source)
2023.08.03 15:54:28 INFO  time: compiled project_bd2c96d2de in 0.1s
2023.08.03 15:54:33 INFO  compiling project_bd2c96d2de (1 scala source)
2023.08.03 15:54:33 INFO  time: compiled project_bd2c96d2de in 73ms
2023.08.03 15:54:35 INFO  compiling project_bd2c96d2de (1 scala source)
2023.08.03 15:54:35 INFO  time: compiled project_bd2c96d2de in 0.1s
2023.08.03 15:59:09 INFO  compiling project_bd2c96d2de (1 scala source)
2023.08.03 15:59:09 INFO  time: compiled project_bd2c96d2de in 0.11s
2023.08.03 15:59:13 INFO  compiling project_bd2c96d2de (1 scala source)
2023.08.03 15:59:13 INFO  time: compiled project_bd2c96d2de in 73ms
2023.08.03 15:59:20 INFO  compiling project_bd2c96d2de (1 scala source)
2023.08.03 15:59:20 INFO  time: compiled project_bd2c96d2de in 70ms
2023.08.03 15:59:25 INFO  compiling project_bd2c96d2de (1 scala source)
2023.08.03 15:59:25 INFO  time: compiled project_bd2c96d2de in 73ms
2023.08.03 15:59:28 INFO  compiling project_bd2c96d2de (1 scala source)
2023.08.03 15:59:28 INFO  time: compiled project_bd2c96d2de in 67ms
2023.08.03 15:59:34 INFO  compiling project_bd2c96d2de (1 scala source)
2023.08.03 15:59:34 INFO  time: compiled project_bd2c96d2de in 60ms
2023.08.03 15:59:45 INFO  compiling project_bd2c96d2de (1 scala source)
2023.08.03 15:59:45 INFO  time: compiled project_bd2c96d2de in 63ms
2023.08.03 15:59:49 INFO  compiling project_bd2c96d2de (1 scala source)
2023.08.03 15:59:49 INFO  time: compiled project_bd2c96d2de in 63ms
2023.08.03 16:03:47 INFO  compiling project_bd2c96d2de (1 scala source)
2023.08.03 16:03:47 INFO  time: compiled project_bd2c96d2de in 0.1s
2023.08.03 16:03:52 INFO  compiling project_bd2c96d2de (1 scala source)
2023.08.03 16:03:52 INFO  time: compiled project_bd2c96d2de in 75ms
2023.08.03 16:03:55 INFO  compiling project_bd2c96d2de (1 scala source)
2023.08.03 16:03:55 INFO  time: compiled project_bd2c96d2de in 89ms
2023.08.03 16:03:58 INFO  compiling project_bd2c96d2de (1 scala source)
2023.08.03 16:03:58 INFO  time: compiled project_bd2c96d2de in 0.13s
2023.08.03 16:04:00 INFO  compiling project_bd2c96d2de (1 scala source)
2023.08.03 16:04:00 INFO  time: compiled project_bd2c96d2de in 74ms
2023.08.03 16:04:01 INFO  compiling project_bd2c96d2de (1 scala source)
2023.08.03 16:04:01 INFO  time: compiled project_bd2c96d2de in 81ms
2023.08.03 16:04:01 INFO  file:///C:/Projects/ZIO-from-scratch/zio-learning/src/main/scala/Basics.scala:41:5: stale bloop error: an identifier expected, but '}' found
    }
    ^
2023.08.03 16:04:01 INFO  file:///C:/Projects/ZIO-from-scratch/zio-learning/src/main/scala/Basics.scala:1:8: stale bloop error: Not found: zio
import zio.console._
       ^^^
2023.08.03 16:04:01 INFO  file:///C:/Projects/ZIO-from-scratch/zio-learning/src/main/scala/Basics.scala:2:8: stale bloop error: import prefix is not a pure expression
import zio.{App, ExitCode, URIO, ZIO}
       ^^^
2023.08.03 16:04:01 INFO  file:///C:/Projects/ZIO-from-scratch/zio-learning/src/main/scala/Basics.scala:41:5: stale bloop error: an identifier expected, but '}' found
    }
    ^
2023.08.03 16:04:01 INFO  file:///C:/Projects/ZIO-from-scratch/zio-learning/src/main/scala/Basics.scala:1:8: stale bloop error: Not found: zio
import zio.console._
       ^^^
2023.08.03 16:04:01 INFO  file:///C:/Projects/ZIO-from-scratch/zio-learning/src/main/scala/Basics.scala:2:8: stale bloop error: import prefix is not a pure expression
import zio.{App, ExitCode, URIO, ZIO}
       ^^^
2023.08.03 16:04:02 INFO  file:///C:/Projects/ZIO-from-scratch/zio-learning/src/main/scala/Basics.scala:41:5: stale bloop error: an identifier expected, but '}' found
    }
    ^
2023.08.03 16:04:02 INFO  file:///C:/Projects/ZIO-from-scratch/zio-learning/src/main/scala/Basics.scala:1:8: stale bloop error: Not found: zio
import zio.console._
       ^^^
2023.08.03 16:04:02 INFO  file:///C:/Projects/ZIO-from-scratch/zio-learning/src/main/scala/Basics.scala:2:8: stale bloop error: import prefix is not a pure expression
import zio.{App, ExitCode, URIO, ZIO}
       ^^^
2023.08.03 16:04:02 INFO  compiling project_bd2c96d2de (1 scala source)
2023.08.03 16:04:02 INFO  file:///C:/Projects/ZIO-from-scratch/zio-learning/src/main/scala/Basics.scala:40:44: stale bloop error: unclosed string literal
            userEmailer.notify(User("sid", "
                                           ^
2023.08.03 16:04:02 INFO  file:///C:/Projects/ZIO-from-scratch/zio-learning/src/main/scala/Basics.scala:40:44: stale bloop error: unclosed string literal
            userEmailer.notify(User("sid", "
                                           ^
2023.08.03 16:04:02 INFO  file:///C:/Projects/ZIO-from-scratch/zio-learning/src/main/scala/Basics.scala:1:8: stale bloop error: Not found: zio
import zio.console._
       ^^^
2023.08.03 16:04:02 INFO  file:///C:/Projects/ZIO-from-scratch/zio-learning/src/main/scala/Basics.scala:2:8: stale bloop error: import prefix is not a pure expression
import zio.{App, ExitCode, URIO, ZIO}
       ^^^
2023.08.03 16:04:02 INFO  time: compiled project_bd2c96d2de in 0.14s
2023.08.03 16:04:05 INFO  file:///C:/Projects/ZIO-from-scratch/zio-learning/src/main/scala/Basics.scala:40:44: stale bloop error: unclosed string literal
            userEmailer.notify(User("sid", "
                                           ^
2023.08.03 16:04:05 INFO  file:///C:/Projects/ZIO-from-scratch/zio-learning/src/main/scala/Basics.scala:1:8: stale bloop error: Not found: zio
import zio.console._
       ^^^
2023.08.03 16:04:05 INFO  file:///C:/Projects/ZIO-from-scratch/zio-learning/src/main/scala/Basics.scala:2:8: stale bloop error: import prefix is not a pure expression
import zio.{App, ExitCode, URIO, ZIO}
       ^^^
2023.08.03 16:04:05 INFO  file:///C:/Projects/ZIO-from-scratch/zio-learning/src/main/scala/Basics.scala:40:44: stale bloop error: unclosed string literal
            userEmailer.notify(User("sid", "
                                           ^
2023.08.03 16:04:05 INFO  file:///C:/Projects/ZIO-from-scratch/zio-learning/src/main/scala/Basics.scala:1:8: stale bloop error: Not found: zio
import zio.console._
       ^^^
2023.08.03 16:04:05 INFO  file:///C:/Projects/ZIO-from-scratch/zio-learning/src/main/scala/Basics.scala:2:8: stale bloop error: import prefix is not a pure expression
import zio.{App, ExitCode, URIO, ZIO}
       ^^^
2023.08.03 16:04:05 INFO  file:///C:/Projects/ZIO-from-scratch/zio-learning/src/main/scala/Basics.scala:40:44: stale bloop error: unclosed string literal
            userEmailer.notify(User("sid", "
                                           ^
2023.08.03 16:04:05 INFO  file:///C:/Projects/ZIO-from-scratch/zio-learning/src/main/scala/Basics.scala:1:8: stale bloop error: Not found: zio
import zio.console._
       ^^^
2023.08.03 16:04:05 INFO  file:///C:/Projects/ZIO-from-scratch/zio-learning/src/main/scala/Basics.scala:2:8: stale bloop error: import prefix is not a pure expression
import zio.{App, ExitCode, URIO, ZIO}
       ^^^
2023.08.03 16:04:05 INFO  file:///C:/Projects/ZIO-from-scratch/zio-learning/src/main/scala/Basics.scala:40:44: stale bloop error: unclosed string literal
            userEmailer.notify(User("sid", "
                                           ^
2023.08.03 16:04:05 INFO  file:///C:/Projects/ZIO-from-scratch/zio-learning/src/main/scala/Basics.scala:1:8: stale bloop error: Not found: zio
import zio.console._
       ^^^
2023.08.03 16:04:05 INFO  file:///C:/Projects/ZIO-from-scratch/zio-learning/src/main/scala/Basics.scala:2:8: stale bloop error: import prefix is not a pure expression
import zio.{App, ExitCode, URIO, ZIO}
       ^^^
2023.08.03 16:04:06 INFO  file:///C:/Projects/ZIO-from-scratch/zio-learning/src/main/scala/Basics.scala:40:44: stale bloop error: unclosed string literal
            userEmailer.notify(User("sid", "
                                           ^
2023.08.03 16:04:06 INFO  file:///C:/Projects/ZIO-from-scratch/zio-learning/src/main/scala/Basics.scala:1:8: stale bloop error: Not found: zio
import zio.console._
       ^^^
2023.08.03 16:04:06 INFO  file:///C:/Projects/ZIO-from-scratch/zio-learning/src/main/scala/Basics.scala:2:8: stale bloop error: import prefix is not a pure expression
import zio.{App, ExitCode, URIO, ZIO}
       ^^^
2023.08.03 16:04:06 INFO  file:///C:/Projects/ZIO-from-scratch/zio-learning/src/main/scala/Basics.scala:40:44: stale bloop error: unclosed string literal
            userEmailer.notify(User("sid", "
                                           ^
2023.08.03 16:04:06 INFO  file:///C:/Projects/ZIO-from-scratch/zio-learning/src/main/scala/Basics.scala:1:8: stale bloop error: Not found: zio
import zio.console._
       ^^^
2023.08.03 16:04:06 INFO  file:///C:/Projects/ZIO-from-scratch/zio-learning/src/main/scala/Basics.scala:2:8: stale bloop error: import prefix is not a pure expression
import zio.{App, ExitCode, URIO, ZIO}
       ^^^
2023.08.03 16:04:06 INFO  file:///C:/Projects/ZIO-from-scratch/zio-learning/src/main/scala/Basics.scala:40:44: stale bloop error: unclosed string literal
            userEmailer.notify(User("sid", "
                                           ^
2023.08.03 16:04:06 INFO  file:///C:/Projects/ZIO-from-scratch/zio-learning/src/main/scala/Basics.scala:1:8: stale bloop error: Not found: zio
import zio.console._
       ^^^
2023.08.03 16:04:06 INFO  file:///C:/Projects/ZIO-from-scratch/zio-learning/src/main/scala/Basics.scala:2:8: stale bloop error: import prefix is not a pure expression
import zio.{App, ExitCode, URIO, ZIO}
       ^^^
2023.08.03 16:04:06 INFO  file:///C:/Projects/ZIO-from-scratch/zio-learning/src/main/scala/Basics.scala:40:44: stale bloop error: unclosed string literal
            userEmailer.notify(User("sid", "
                                           ^
2023.08.03 16:04:06 INFO  file:///C:/Projects/ZIO-from-scratch/zio-learning/src/main/scala/Basics.scala:1:8: stale bloop error: Not found: zio
import zio.console._
       ^^^
2023.08.03 16:04:06 INFO  file:///C:/Projects/ZIO-from-scratch/zio-learning/src/main/scala/Basics.scala:2:8: stale bloop error: import prefix is not a pure expression
import zio.{App, ExitCode, URIO, ZIO}
       ^^^
2023.08.03 16:04:06 INFO  file:///C:/Projects/ZIO-from-scratch/zio-learning/src/main/scala/Basics.scala:40:44: stale bloop error: unclosed string literal
            userEmailer.notify(User("sid", "
                                           ^
2023.08.03 16:04:06 INFO  file:///C:/Projects/ZIO-from-scratch/zio-learning/src/main/scala/Basics.scala:1:8: stale bloop error: Not found: zio
import zio.console._
       ^^^
2023.08.03 16:04:06 INFO  file:///C:/Projects/ZIO-from-scratch/zio-learning/src/main/scala/Basics.scala:2:8: stale bloop error: import prefix is not a pure expression
import zio.{App, ExitCode, URIO, ZIO}
       ^^^
2023.08.03 16:04:07 INFO  file:///C:/Projects/ZIO-from-scratch/zio-learning/src/main/scala/Basics.scala:40:44: stale bloop error: unclosed string literal
            userEmailer.notify(User("sid", "
                                           ^
2023.08.03 16:04:07 INFO  file:///C:/Projects/ZIO-from-scratch/zio-learning/src/main/scala/Basics.scala:1:8: stale bloop error: Not found: zio
import zio.console._
       ^^^
2023.08.03 16:04:07 INFO  file:///C:/Projects/ZIO-from-scratch/zio-learning/src/main/scala/Basics.scala:2:8: stale bloop error: import prefix is not a pure expression
import zio.{App, ExitCode, URIO, ZIO}
       ^^^
2023.08.03 16:04:06 INFO  file:///C:/Projects/ZIO-from-scratch/zio-learning/src/main/scala/Basics.scala:40:44: stale bloop error: unclosed string literal
            userEmailer.notify(User("sid", "
                                           ^
2023.08.03 16:04:06 INFO  file:///C:/Projects/ZIO-from-scratch/zio-learning/src/main/scala/Basics.scala:1:8: stale bloop error: Not found: zio
import zio.console._
       ^^^
2023.08.03 16:04:06 INFO  file:///C:/Projects/ZIO-from-scratch/zio-learning/src/main/scala/Basics.scala:2:8: stale bloop error: import prefix is not a pure expression
import zio.{App, ExitCode, URIO, ZIO}
       ^^^
2023.08.03 16:04:07 INFO  file:///C:/Projects/ZIO-from-scratch/zio-learning/src/main/scala/Basics.scala:40:44: stale bloop error: unclosed string literal
            userEmailer.notify(User("sid", "
                                           ^
2023.08.03 16:04:07 INFO  file:///C:/Projects/ZIO-from-scratch/zio-learning/src/main/scala/Basics.scala:1:8: stale bloop error: Not found: zio
import zio.console._
       ^^^
2023.08.03 16:04:07 INFO  file:///C:/Projects/ZIO-from-scratch/zio-learning/src/main/scala/Basics.scala:2:8: stale bloop error: import prefix is not a pure expression
import zio.{App, ExitCode, URIO, ZIO}
       ^^^
2023.08.03 16:04:08 INFO  file:///C:/Projects/ZIO-from-scratch/zio-learning/src/main/scala/Basics.scala:40:44: stale bloop error: unclosed string literal
            userEmailer.notify(User("sid", "
                                           ^
2023.08.03 16:04:08 INFO  file:///C:/Projects/ZIO-from-scratch/zio-learning/src/main/scala/Basics.scala:1:8: stale bloop error: Not found: zio
import zio.console._
       ^^^
2023.08.03 16:04:08 INFO  file:///C:/Projects/ZIO-from-scratch/zio-learning/src/main/scala/Basics.scala:2:8: stale bloop error: import prefix is not a pure expression
import zio.{App, ExitCode, URIO, ZIO}
       ^^^
2023.08.03 16:04:08 INFO  file:///C:/Projects/ZIO-from-scratch/zio-learning/src/main/scala/Basics.scala:40:44: stale bloop error: unclosed string literal
            userEmailer.notify(User("sid", "
                                           ^
2023.08.03 16:04:08 INFO  file:///C:/Projects/ZIO-from-scratch/zio-learning/src/main/scala/Basics.scala:1:8: stale bloop error: Not found: zio
import zio.console._
       ^^^
2023.08.03 16:04:08 INFO  file:///C:/Projects/ZIO-from-scratch/zio-learning/src/main/scala/Basics.scala:2:8: stale bloop error: import prefix is not a pure expression
import zio.{App, ExitCode, URIO, ZIO}
       ^^^
2023.08.03 16:04:09 INFO  compiling project_bd2c96d2de (1 scala source)
2023.08.03 16:04:09 INFO  time: compiled project_bd2c96d2de in 93ms
2023.08.03 16:04:11 INFO  compiling project_bd2c96d2de (1 scala source)
2023.08.03 16:04:11 INFO  time: compiled project_bd2c96d2de in 0.11s
2023.08.03 16:04:13 INFO  compiling project_bd2c96d2de (1 scala source)
2023.08.03 16:04:13 INFO  time: compiled project_bd2c96d2de in 75ms
2023.08.03 16:04:25 INFO  compiling project_bd2c96d2de (1 scala source)
2023.08.03 16:04:25 INFO  time: compiled project_bd2c96d2de in 68ms
2023.08.03 16:04:26 INFO  file:///C:/Projects/ZIO-from-scratch/zio-learning/src/main/scala/Basics.scala:39:18: stale bloop error: expression expected but override found
        val sid = 
                 ^
2023.08.03 16:04:26 INFO  file:///C:/Projects/ZIO-from-scratch/zio-learning/src/main/scala/Basics.scala:1:8: stale bloop error: Not found: zio
import zio.console._
       ^^^
2023.08.03 16:04:26 INFO  file:///C:/Projects/ZIO-from-scratch/zio-learning/src/main/scala/Basics.scala:2:8: stale bloop error: import prefix is not a pure expression
import zio.{App, ExitCode, URIO, ZIO}
       ^^^
2023.08.03 16:04:26 INFO  file:///C:/Projects/ZIO-from-scratch/zio-learning/src/main/scala/Basics.scala:39:18: stale bloop error: expression expected but override found
        val sid = 
                 ^
2023.08.03 16:04:26 INFO  file:///C:/Projects/ZIO-from-scratch/zio-learning/src/main/scala/Basics.scala:1:8: stale bloop error: Not found: zio
import zio.console._
       ^^^
2023.08.03 16:04:26 INFO  file:///C:/Projects/ZIO-from-scratch/zio-learning/src/main/scala/Basics.scala:2:8: stale bloop error: import prefix is not a pure expression
import zio.{App, ExitCode, URIO, ZIO}
       ^^^
2023.08.03 16:04:27 INFO  file:///C:/Projects/ZIO-from-scratch/zio-learning/src/main/scala/Basics.scala:39:18: stale bloop error: expression expected but override found
        val sid = 
                 ^
2023.08.03 16:04:27 INFO  file:///C:/Projects/ZIO-from-scratch/zio-learning/src/main/scala/Basics.scala:1:8: stale bloop error: Not found: zio
import zio.console._
       ^^^
2023.08.03 16:04:27 INFO  file:///C:/Projects/ZIO-from-scratch/zio-learning/src/main/scala/Basics.scala:2:8: stale bloop error: import prefix is not a pure expression
import zio.{App, ExitCode, URIO, ZIO}
       ^^^
2023.08.03 16:04:27 INFO  compiling project_bd2c96d2de (1 scala source)
2023.08.03 16:04:27 INFO  file:///C:/Projects/ZIO-from-scratch/zio-learning/src/main/scala/Basics.scala:39:31: stale bloop error: unclosed string literal
        val sid = User("sid", "
                              ^
2023.08.03 16:04:27 INFO  file:///C:/Projects/ZIO-from-scratch/zio-learning/src/main/scala/Basics.scala:39:31: stale bloop error: unclosed string literal
        val sid = User("sid", "
                              ^
2023.08.03 16:04:27 INFO  file:///C:/Projects/ZIO-from-scratch/zio-learning/src/main/scala/Basics.scala:1:8: stale bloop error: Not found: zio
import zio.console._
       ^^^
2023.08.03 16:04:27 INFO  file:///C:/Projects/ZIO-from-scratch/zio-learning/src/main/scala/Basics.scala:2:8: stale bloop error: import prefix is not a pure expression
import zio.{App, ExitCode, URIO, ZIO}
       ^^^
2023.08.03 16:04:27 INFO  time: compiled project_bd2c96d2de in 59ms
2023.08.03 16:04:28 INFO  file:///C:/Projects/ZIO-from-scratch/zio-learning/src/main/scala/Basics.scala:39:31: stale bloop error: unclosed string literal
        val sid = User("sid", "
                              ^
2023.08.03 16:04:28 INFO  file:///C:/Projects/ZIO-from-scratch/zio-learning/src/main/scala/Basics.scala:1:8: stale bloop error: Not found: zio
import zio.console._
       ^^^
2023.08.03 16:04:28 INFO  file:///C:/Projects/ZIO-from-scratch/zio-learning/src/main/scala/Basics.scala:2:8: stale bloop error: import prefix is not a pure expression
import zio.{App, ExitCode, URIO, ZIO}
       ^^^
2023.08.03 16:04:28 INFO  file:///C:/Projects/ZIO-from-scratch/zio-learning/src/main/scala/Basics.scala:39:31: stale bloop error: unclosed string literal
        val sid = User("sid", "
                              ^
2023.08.03 16:04:28 INFO  file:///C:/Projects/ZIO-from-scratch/zio-learning/src/main/scala/Basics.scala:1:8: stale bloop error: Not found: zio
import zio.console._
       ^^^
2023.08.03 16:04:28 INFO  file:///C:/Projects/ZIO-from-scratch/zio-learning/src/main/scala/Basics.scala:2:8: stale bloop error: import prefix is not a pure expression
import zio.{App, ExitCode, URIO, ZIO}
       ^^^
2023.08.03 16:04:29 INFO  file:///C:/Projects/ZIO-from-scratch/zio-learning/src/main/scala/Basics.scala:39:31: stale bloop error: unclosed string literal
        val sid = User("sid", "
                              ^
2023.08.03 16:04:29 INFO  file:///C:/Projects/ZIO-from-scratch/zio-learning/src/main/scala/Basics.scala:1:8: stale bloop error: Not found: zio
import zio.console._
       ^^^
2023.08.03 16:04:29 INFO  file:///C:/Projects/ZIO-from-scratch/zio-learning/src/main/scala/Basics.scala:2:8: stale bloop error: import prefix is not a pure expression
import zio.{App, ExitCode, URIO, ZIO}
       ^^^
2023.08.03 16:04:29 INFO  compiling project_bd2c96d2de (1 scala source)
2023.08.03 16:04:29 INFO  file:///C:/Projects/ZIO-from-scratch/zio-learning/src/main/scala/Basics.scala:39:31: stale bloop error: unclosed string literal
        val sid = User("sid", "sidd
                              ^
2023.08.03 16:04:29 INFO  file:///C:/Projects/ZIO-from-scratch/zio-learning/src/main/scala/Basics.scala:39:31: stale bloop error: unclosed string literal
        val sid = User("sid", "sidd
                              ^
2023.08.03 16:04:29 INFO  file:///C:/Projects/ZIO-from-scratch/zio-learning/src/main/scala/Basics.scala:1:8: stale bloop error: Not found: zio
import zio.console._
       ^^^
2023.08.03 16:04:29 INFO  file:///C:/Projects/ZIO-from-scratch/zio-learning/src/main/scala/Basics.scala:2:8: stale bloop error: import prefix is not a pure expression
import zio.{App, ExitCode, URIO, ZIO}
       ^^^
2023.08.03 16:04:29 INFO  time: compiled project_bd2c96d2de in 58ms
2023.08.03 16:04:30 INFO  file:///C:/Projects/ZIO-from-scratch/zio-learning/src/main/scala/Basics.scala:39:31: stale bloop error: unclosed string literal
        val sid = User("sid", "sidd
                              ^
2023.08.03 16:04:30 INFO  file:///C:/Projects/ZIO-from-scratch/zio-learning/src/main/scala/Basics.scala:1:8: stale bloop error: Not found: zio
import zio.console._
       ^^^
2023.08.03 16:04:30 INFO  file:///C:/Projects/ZIO-from-scratch/zio-learning/src/main/scala/Basics.scala:2:8: stale bloop error: import prefix is not a pure expression
import zio.{App, ExitCode, URIO, ZIO}
       ^^^
2023.08.03 16:04:30 INFO  file:///C:/Projects/ZIO-from-scratch/zio-learning/src/main/scala/Basics.scala:39:31: stale bloop error: unclosed string literal
        val sid = User("sid", "sidd
                              ^
2023.08.03 16:04:30 INFO  file:///C:/Projects/ZIO-from-scratch/zio-learning/src/main/scala/Basics.scala:1:8: stale bloop error: Not found: zio
import zio.console._
       ^^^
2023.08.03 16:04:30 INFO  file:///C:/Projects/ZIO-from-scratch/zio-learning/src/main/scala/Basics.scala:2:8: stale bloop error: import prefix is not a pure expression
import zio.{App, ExitCode, URIO, ZIO}
       ^^^
2023.08.03 16:04:31 INFO  file:///C:/Projects/ZIO-from-scratch/zio-learning/src/main/scala/Basics.scala:39:31: stale bloop error: unclosed string literal
        val sid = User("sid", "sidd
                              ^
2023.08.03 16:04:31 INFO  file:///C:/Projects/ZIO-from-scratch/zio-learning/src/main/scala/Basics.scala:1:8: stale bloop error: Not found: zio
import zio.console._
       ^^^
2023.08.03 16:04:31 INFO  file:///C:/Projects/ZIO-from-scratch/zio-learning/src/main/scala/Basics.scala:2:8: stale bloop error: import prefix is not a pure expression
import zio.{App, ExitCode, URIO, ZIO}
       ^^^
2023.08.03 16:04:31 INFO  compiling project_bd2c96d2de (1 scala source)
2023.08.03 16:04:31 INFO  file:///C:/Projects/ZIO-from-scratch/zio-learning/src/main/scala/Basics.scala:39:31: stale bloop error: unclosed string literal
        val sid = User("sid", "sidd@
                              ^
2023.08.03 16:04:31 INFO  file:///C:/Projects/ZIO-from-scratch/zio-learning/src/main/scala/Basics.scala:39:31: stale bloop error: unclosed string literal
        val sid = User("sid", "sidd@
                              ^
2023.08.03 16:04:31 INFO  file:///C:/Projects/ZIO-from-scratch/zio-learning/src/main/scala/Basics.scala:1:8: stale bloop error: Not found: zio
import zio.console._
       ^^^
2023.08.03 16:04:31 INFO  file:///C:/Projects/ZIO-from-scratch/zio-learning/src/main/scala/Basics.scala:2:8: stale bloop error: import prefix is not a pure expression
import zio.{App, ExitCode, URIO, ZIO}
       ^^^
2023.08.03 16:04:31 INFO  time: compiled project_bd2c96d2de in 66ms
2023.08.03 16:04:31 INFO  file:///C:/Projects/ZIO-from-scratch/zio-learning/src/main/scala/Basics.scala:39:31: stale bloop error: unclosed string literal
        val sid = User("sid", "sidd@
                              ^
2023.08.03 16:04:31 INFO  file:///C:/Projects/ZIO-from-scratch/zio-learning/src/main/scala/Basics.scala:1:8: stale bloop error: Not found: zio
import zio.console._
       ^^^
2023.08.03 16:04:31 INFO  file:///C:/Projects/ZIO-from-scratch/zio-learning/src/main/scala/Basics.scala:2:8: stale bloop error: import prefix is not a pure expression
import zio.{App, ExitCode, URIO, ZIO}
       ^^^
2023.08.03 16:04:31 INFO  file:///C:/Projects/ZIO-from-scratch/zio-learning/src/main/scala/Basics.scala:39:31: stale bloop error: unclosed string literal
        val sid = User("sid", "sidd@
                              ^
2023.08.03 16:04:31 INFO  file:///C:/Projects/ZIO-from-scratch/zio-learning/src/main/scala/Basics.scala:1:8: stale bloop error: Not found: zio
import zio.console._
       ^^^
2023.08.03 16:04:31 INFO  file:///C:/Projects/ZIO-from-scratch/zio-learning/src/main/scala/Basics.scala:2:8: stale bloop error: import prefix is not a pure expression
import zio.{App, ExitCode, URIO, ZIO}
       ^^^
2023.08.03 16:04:31 INFO  file:///C:/Projects/ZIO-from-scratch/zio-learning/src/main/scala/Basics.scala:39:31: stale bloop error: unclosed string literal
        val sid = User("sid", "sidd@
                              ^
2023.08.03 16:04:31 INFO  file:///C:/Projects/ZIO-from-scratch/zio-learning/src/main/scala/Basics.scala:1:8: stale bloop error: Not found: zio
import zio.console._
       ^^^
2023.08.03 16:04:31 INFO  file:///C:/Projects/ZIO-from-scratch/zio-learning/src/main/scala/Basics.scala:2:8: stale bloop error: import prefix is not a pure expression
import zio.{App, ExitCode, URIO, ZIO}
       ^^^
2023.08.03 16:04:32 INFO  file:///C:/Projects/ZIO-from-scratch/zio-learning/src/main/scala/Basics.scala:39:31: stale bloop error: unclosed string literal
        val sid = User("sid", "sidd@
                              ^
2023.08.03 16:04:32 INFO  file:///C:/Projects/ZIO-from-scratch/zio-learning/src/main/scala/Basics.scala:1:8: stale bloop error: Not found: zio
import zio.console._
       ^^^
2023.08.03 16:04:32 INFO  file:///C:/Projects/ZIO-from-scratch/zio-learning/src/main/scala/Basics.scala:2:8: stale bloop error: import prefix is not a pure expression
import zio.{App, ExitCode, URIO, ZIO}
       ^^^
2023.08.03 16:04:31 INFO  file:///C:/Projects/ZIO-from-scratch/zio-learning/src/main/scala/Basics.scala:39:31: stale bloop error: unclosed string literal
        val sid = User("sid", "sidd@
                              ^
2023.08.03 16:04:31 INFO  file:///C:/Projects/ZIO-from-scratch/zio-learning/src/main/scala/Basics.scala:1:8: stale bloop error: Not found: zio
import zio.console._
       ^^^
2023.08.03 16:04:31 INFO  file:///C:/Projects/ZIO-from-scratch/zio-learning/src/main/scala/Basics.scala:2:8: stale bloop error: import prefix is not a pure expression
import zio.{App, ExitCode, URIO, ZIO}
       ^^^
2023.08.03 16:04:32 INFO  file:///C:/Projects/ZIO-from-scratch/zio-learning/src/main/scala/Basics.scala:39:31: stale bloop error: unclosed string literal
        val sid = User("sid", "sidd@
                              ^
2023.08.03 16:04:32 INFO  file:///C:/Projects/ZIO-from-scratch/zio-learning/src/main/scala/Basics.scala:1:8: stale bloop error: Not found: zio
import zio.console._
       ^^^
2023.08.03 16:04:32 INFO  file:///C:/Projects/ZIO-from-scratch/zio-learning/src/main/scala/Basics.scala:2:8: stale bloop error: import prefix is not a pure expression
import zio.{App, ExitCode, URIO, ZIO}
       ^^^
2023.08.03 16:04:32 INFO  file:///C:/Projects/ZIO-from-scratch/zio-learning/src/main/scala/Basics.scala:39:31: stale bloop error: unclosed string literal
        val sid = User("sid", "sidd@
                              ^
2023.08.03 16:04:32 INFO  file:///C:/Projects/ZIO-from-scratch/zio-learning/src/main/scala/Basics.scala:1:8: stale bloop error: Not found: zio
import zio.console._
       ^^^
2023.08.03 16:04:32 INFO  file:///C:/Projects/ZIO-from-scratch/zio-learning/src/main/scala/Basics.scala:2:8: stale bloop error: import prefix is not a pure expression
import zio.{App, ExitCode, URIO, ZIO}
       ^^^
2023.08.03 16:04:32 INFO  file:///C:/Projects/ZIO-from-scratch/zio-learning/src/main/scala/Basics.scala:39:31: stale bloop error: unclosed string literal
        val sid = User("sid", "sidd@
                              ^
2023.08.03 16:04:32 INFO  file:///C:/Projects/ZIO-from-scratch/zio-learning/src/main/scala/Basics.scala:1:8: stale bloop error: Not found: zio
import zio.console._
       ^^^
2023.08.03 16:04:32 INFO  file:///C:/Projects/ZIO-from-scratch/zio-learning/src/main/scala/Basics.scala:2:8: stale bloop error: import prefix is not a pure expression
import zio.{App, ExitCode, URIO, ZIO}
       ^^^
2023.08.03 16:04:32 INFO  file:///C:/Projects/ZIO-from-scratch/zio-learning/src/main/scala/Basics.scala:39:31: stale bloop error: unclosed string literal
        val sid = User("sid", "sidd@
                              ^
2023.08.03 16:04:32 INFO  file:///C:/Projects/ZIO-from-scratch/zio-learning/src/main/scala/Basics.scala:1:8: stale bloop error: Not found: zio
import zio.console._
       ^^^
2023.08.03 16:04:32 INFO  file:///C:/Projects/ZIO-from-scratch/zio-learning/src/main/scala/Basics.scala:2:8: stale bloop error: import prefix is not a pure expression
import zio.{App, ExitCode, URIO, ZIO}
       ^^^
2023.08.03 16:04:33 INFO  file:///C:/Projects/ZIO-from-scratch/zio-learning/src/main/scala/Basics.scala:39:31: stale bloop error: unclosed string literal
        val sid = User("sid", "sidd@
                              ^
2023.08.03 16:04:33 INFO  file:///C:/Projects/ZIO-from-scratch/zio-learning/src/main/scala/Basics.scala:1:8: stale bloop error: Not found: zio
import zio.console._
       ^^^
2023.08.03 16:04:33 INFO  file:///C:/Projects/ZIO-from-scratch/zio-learning/src/main/scala/Basics.scala:2:8: stale bloop error: import prefix is not a pure expression
import zio.{App, ExitCode, URIO, ZIO}
       ^^^
2023.08.03 16:04:32 INFO  file:///C:/Projects/ZIO-from-scratch/zio-learning/src/main/scala/Basics.scala:39:31: stale bloop error: unclosed string literal
        val sid = User("sid", "sidd@
                              ^
2023.08.03 16:04:32 INFO  file:///C:/Projects/ZIO-from-scratch/zio-learning/src/main/scala/Basics.scala:1:8: stale bloop error: Not found: zio
import zio.console._
       ^^^
2023.08.03 16:04:32 INFO  file:///C:/Projects/ZIO-from-scratch/zio-learning/src/main/scala/Basics.scala:2:8: stale bloop error: import prefix is not a pure expression
import zio.{App, ExitCode, URIO, ZIO}
       ^^^
2023.08.03 16:04:33 INFO  file:///C:/Projects/ZIO-from-scratch/zio-learning/src/main/scala/Basics.scala:39:31: stale bloop error: unclosed string literal
        val sid = User("sid", "sidd@
                              ^
2023.08.03 16:04:33 INFO  file:///C:/Projects/ZIO-from-scratch/zio-learning/src/main/scala/Basics.scala:1:8: stale bloop error: Not found: zio
import zio.console._
       ^^^
2023.08.03 16:04:33 INFO  file:///C:/Projects/ZIO-from-scratch/zio-learning/src/main/scala/Basics.scala:2:8: stale bloop error: import prefix is not a pure expression
import zio.{App, ExitCode, URIO, ZIO}
       ^^^
2023.08.03 16:04:34 INFO  file:///C:/Projects/ZIO-from-scratch/zio-learning/src/main/scala/Basics.scala:39:31: stale bloop error: unclosed string literal
        val sid = User("sid", "sidd@
                              ^
2023.08.03 16:04:34 INFO  file:///C:/Projects/ZIO-from-scratch/zio-learning/src/main/scala/Basics.scala:1:8: stale bloop error: Not found: zio
import zio.console._
       ^^^
2023.08.03 16:04:34 INFO  file:///C:/Projects/ZIO-from-scratch/zio-learning/src/main/scala/Basics.scala:2:8: stale bloop error: import prefix is not a pure expression
import zio.{App, ExitCode, URIO, ZIO}
       ^^^
2023.08.03 16:04:33 INFO  file:///C:/Projects/ZIO-from-scratch/zio-learning/src/main/scala/Basics.scala:39:31: stale bloop error: unclosed string literal
        val sid = User("sid", "sidd@
                              ^
2023.08.03 16:04:33 INFO  file:///C:/Projects/ZIO-from-scratch/zio-learning/src/main/scala/Basics.scala:1:8: stale bloop error: Not found: zio
import zio.console._
       ^^^
2023.08.03 16:04:33 INFO  file:///C:/Projects/ZIO-from-scratch/zio-learning/src/main/scala/Basics.scala:2:8: stale bloop error: import prefix is not a pure expression
import zio.{App, ExitCode, URIO, ZIO}
       ^^^
2023.08.03 16:04:35 INFO  file:///C:/Projects/ZIO-from-scratch/zio-learning/src/main/scala/Basics.scala:39:31: stale bloop error: unclosed string literal
        val sid = User("sid", "sidd@
                              ^
2023.08.03 16:04:35 INFO  file:///C:/Projects/ZIO-from-scratch/zio-learning/src/main/scala/Basics.scala:1:8: stale bloop error: Not found: zio
import zio.console._
       ^^^
2023.08.03 16:04:35 INFO  file:///C:/Projects/ZIO-from-scratch/zio-learning/src/main/scala/Basics.scala:2:8: stale bloop error: import prefix is not a pure expression
import zio.{App, ExitCode, URIO, ZIO}
       ^^^
2023.08.03 16:04:35 INFO  compiling project_bd2c96d2de (1 scala source)
2023.08.03 16:04:35 INFO  file:///C:/Projects/ZIO-from-scratch/zio-learning/src/main/scala/Basics.scala:39:31: stale bloop error: unclosed string literal
        val sid = User("sid", "sidd@gmail.com
                              ^
2023.08.03 16:04:35 INFO  file:///C:/Projects/ZIO-from-scratch/zio-learning/src/main/scala/Basics.scala:39:31: stale bloop error: unclosed string literal
        val sid = User("sid", "sidd@gmail.com
                              ^
2023.08.03 16:04:35 INFO  file:///C:/Projects/ZIO-from-scratch/zio-learning/src/main/scala/Basics.scala:1:8: stale bloop error: Not found: zio
import zio.console._
       ^^^
2023.08.03 16:04:35 INFO  file:///C:/Projects/ZIO-from-scratch/zio-learning/src/main/scala/Basics.scala:2:8: stale bloop error: import prefix is not a pure expression
import zio.{App, ExitCode, URIO, ZIO}
       ^^^
2023.08.03 16:04:35 INFO  time: compiled project_bd2c96d2de in 64ms
2023.08.03 16:04:35 INFO  file:///C:/Projects/ZIO-from-scratch/zio-learning/src/main/scala/Basics.scala:39:31: stale bloop error: unclosed string literal
        val sid = User("sid", "sidd@gmail.com
                              ^
2023.08.03 16:04:35 INFO  file:///C:/Projects/ZIO-from-scratch/zio-learning/src/main/scala/Basics.scala:1:8: stale bloop error: Not found: zio
import zio.console._
       ^^^
2023.08.03 16:04:35 INFO  file:///C:/Projects/ZIO-from-scratch/zio-learning/src/main/scala/Basics.scala:2:8: stale bloop error: import prefix is not a pure expression
import zio.{App, ExitCode, URIO, ZIO}
       ^^^
2023.08.03 16:04:35 INFO  file:///C:/Projects/ZIO-from-scratch/zio-learning/src/main/scala/Basics.scala:39:31: stale bloop error: unclosed string literal
        val sid = User("sid", "sidd@gmail.com
                              ^
2023.08.03 16:04:35 INFO  file:///C:/Projects/ZIO-from-scratch/zio-learning/src/main/scala/Basics.scala:1:8: stale bloop error: Not found: zio
import zio.console._
       ^^^
2023.08.03 16:04:35 INFO  file:///C:/Projects/ZIO-from-scratch/zio-learning/src/main/scala/Basics.scala:2:8: stale bloop error: import prefix is not a pure expression
import zio.{App, ExitCode, URIO, ZIO}
       ^^^
2023.08.03 16:04:35 INFO  file:///C:/Projects/ZIO-from-scratch/zio-learning/src/main/scala/Basics.scala:39:31: stale bloop error: unclosed string literal
        val sid = User("sid", "sidd@gmail.com
                              ^
2023.08.03 16:04:35 INFO  file:///C:/Projects/ZIO-from-scratch/zio-learning/src/main/scala/Basics.scala:1:8: stale bloop error: Not found: zio
import zio.console._
       ^^^
2023.08.03 16:04:35 INFO  file:///C:/Projects/ZIO-from-scratch/zio-learning/src/main/scala/Basics.scala:2:8: stale bloop error: import prefix is not a pure expression
import zio.{App, ExitCode, URIO, ZIO}
       ^^^
2023.08.03 16:04:36 INFO  file:///C:/Projects/ZIO-from-scratch/zio-learning/src/main/scala/Basics.scala:39:31: stale bloop error: unclosed string literal
        val sid = User("sid", "sidd@gmail.com
                              ^
2023.08.03 16:04:36 INFO  file:///C:/Projects/ZIO-from-scratch/zio-learning/src/main/scala/Basics.scala:1:8: stale bloop error: Not found: zio
import zio.console._
       ^^^
2023.08.03 16:04:36 INFO  file:///C:/Projects/ZIO-from-scratch/zio-learning/src/main/scala/Basics.scala:2:8: stale bloop error: import prefix is not a pure expression
import zio.{App, ExitCode, URIO, ZIO}
       ^^^
2023.08.03 16:04:35 INFO  file:///C:/Projects/ZIO-from-scratch/zio-learning/src/main/scala/Basics.scala:39:31: stale bloop error: unclosed string literal
        val sid = User("sid", "sidd@gmail.com
                              ^
2023.08.03 16:04:35 INFO  file:///C:/Projects/ZIO-from-scratch/zio-learning/src/main/scala/Basics.scala:1:8: stale bloop error: Not found: zio
import zio.console._
       ^^^
2023.08.03 16:04:35 INFO  file:///C:/Projects/ZIO-from-scratch/zio-learning/src/main/scala/Basics.scala:2:8: stale bloop error: import prefix is not a pure expression
import zio.{App, ExitCode, URIO, ZIO}
       ^^^
2023.08.03 16:04:37 INFO  compiling project_bd2c96d2de (1 scala source)
2023.08.03 16:04:37 INFO  time: compiled project_bd2c96d2de in 61ms
2023.08.03 16:04:39 INFO  compiling project_bd2c96d2de (1 scala source)
2023.08.03 16:04:39 INFO  time: compiled project_bd2c96d2de in 58ms
2023.08.03 16:04:44 INFO  compiling project_bd2c96d2de (1 scala source)
2023.08.03 16:04:44 INFO  time: compiled project_bd2c96d2de in 77ms
Aug 03, 2023 4:04:46 PM scala.meta.internal.pc.CompilerAccess handleError
SEVERE: A severe compiler error occurred, full details of the error can be found in the error report C:\Projects\ZIO-from-scratch\.metals\.reports\metals-full\r_compiler-error_1691058886876
2023.08.03 16:04:49 INFO  compiling project_bd2c96d2de (1 scala source)
2023.08.03 16:04:49 INFO  time: compiled project_bd2c96d2de in 0.11s
2023.08.03 16:05:05 INFO  compiling project_bd2c96d2de (1 scala source)
2023.08.03 16:05:05 INFO  time: compiled project_bd2c96d2de in 69ms
2023.08.03 16:05:08 INFO  compiling project_bd2c96d2de (1 scala source)
2023.08.03 16:05:08 INFO  time: compiled project_bd2c96d2de in 0.15s
2023.08.03 16:06:10 WARN  Using indexes to guess the definition of notify
2023.08.03 16:06:11 WARN  Using indexes to guess the definition of notify
2023.08.03 16:07:32 INFO  compiling project_bd2c96d2de (1 scala source)
2023.08.03 16:07:32 INFO  time: compiled project_bd2c96d2de in 87ms
2023.08.03 16:07:34 INFO  compiling project_bd2c96d2de (1 scala source)
2023.08.03 16:07:34 INFO  time: compiled project_bd2c96d2de in 64ms
2023.08.03 16:07:37 INFO  compiling project_bd2c96d2de (1 scala source)
2023.08.03 16:07:37 INFO  time: compiled project_bd2c96d2de in 60ms
2023.08.03 16:07:40 INFO  compiling project_bd2c96d2de (1 scala source)
2023.08.03 16:07:40 INFO  time: compiled project_bd2c96d2de in 66ms
2023.08.03 16:07:42 INFO  compiling project_bd2c96d2de (1 scala source)
2023.08.03 16:07:42 INFO  time: compiled project_bd2c96d2de in 63ms
2023.08.03 16:07:43 INFO  compiling project_bd2c96d2de (1 scala source)
2023.08.03 16:07:43 INFO  time: compiled project_bd2c96d2de in 67ms
2023.08.03 16:07:45 INFO  compiling project_bd2c96d2de (1 scala source)
2023.08.03 16:07:45 INFO  time: compiled project_bd2c96d2de in 60ms
2023.08.03 16:07:48 INFO  compiling project_bd2c96d2de (1 scala source)
2023.08.03 16:07:48 INFO  time: compiled project_bd2c96d2de in 67ms
Aug 03, 2023 4:07:57 PM org.eclipse.lsp4j.jsonrpc.RemoteEndpoint handleCancellation
WARNING: Unmatched cancel notification for request id 2140
2023.08.03 16:08:02 INFO  compiling project_bd2c96d2de (1 scala source)
2023.08.03 16:08:02 INFO  time: compiled project_bd2c96d2de in 98ms
2023.08.03 16:08:08 INFO  compiling project_bd2c96d2de (1 scala source)
2023.08.03 16:08:08 INFO  time: compiled project_bd2c96d2de in 96ms
2023.08.03 16:18:20 INFO  compiling project_bd2c96d2de (1 scala source)
2023.08.03 16:18:20 INFO  time: compiled project_bd2c96d2de in 0.12s
2023.08.03 16:18:29 INFO  compiling project_bd2c96d2de (1 scala source)
2023.08.03 16:18:29 INFO  time: compiled project_bd2c96d2de in 0.16s
2023.08.03 16:18:47 INFO  compiling project_bd2c96d2de (1 scala source)
2023.08.03 16:18:47 INFO  time: compiled project_bd2c96d2de in 0.11s
Aug 03, 2023 5:29:44 PM org.eclipse.lsp4j.jsonrpc.RemoteEndpoint handleCancellation
WARNING: Unmatched cancel notification for request id 2318
2023.08.03 17:29:52 INFO  compiling project_bd2c96d2de (1 scala source)
2023.08.03 17:29:52 INFO  time: compiled project_bd2c96d2de in 0.91s
2023.08.03 21:48:38 INFO  BSP server: Checking https://repo1.maven.org/maven2/org/scala-lang/scala-library/maven-metadata.xml
2023.08.03 21:48:38 INFO  BSP server: Checked https://repo1.maven.org/maven2/org/scala-lang/scala-library/maven-metadata.xml
2023.08.03 21:48:38 INFO  BSP server: Checking https://repo1.maven.org/maven2/org/scala-lang/scala3-library_3/maven-metadata.xml
2023.08.03 21:48:38 INFO  BSP server: Checked https://repo1.maven.org/maven2/org/scala-lang/scala3-library_3/maven-metadata.xml
2023.08.03 21:48:38 INFO  BSP server: Downloading https://repo1.maven.org/maven2/org/scala-lang/scala3-library_3/maven-metadata.xml
2023.08.03 21:48:41 INFO  BSP server: Downloaded https://repo1.maven.org/maven2/org/scala-lang/scala3-library_3/maven-metadata.xml
2023.08.03 21:48:41 INFO  BSP server: Checking https://github.com/VirtusLab/scala-cli-scala-versions/raw/main/scala-versions-v1.json
2023.08.03 21:48:41 INFO  BSP server: Checked https://github.com/VirtusLab/scala-cli-scala-versions/raw/main/scala-versions-v1.json
2023.08.03 21:48:41 INFO  BSP server: Downloading https://github.com/VirtusLab/scala-cli-scala-versions/raw/main/scala-versions-v1.json
2023.08.03 21:48:42 INFO  BSP server: Downloaded https://github.com/VirtusLab/scala-cli-scala-versions/raw/main/scala-versions-v1.json
2023.08.03 21:48:43 INFO  compiling project_bd2c96d2de (1 scala source)
2023.08.03 21:48:43 INFO  time: compiled project_bd2c96d2de in 0.67s
2023.08.03 21:48:44 INFO  compiling project_bd2c96d2de (1 scala source)
2023.08.03 21:48:44 INFO  time: compiled project_bd2c96d2de in 0.13s
2023.08.03 21:48:45 INFO  compiling project_bd2c96d2de (1 scala source)
2023.08.03 21:48:45 INFO  time: compiled project_bd2c96d2de in 0.12s
2023.08.03 21:48:48 INFO  compiling project_bd2c96d2de (1 scala source)
2023.08.03 21:48:48 INFO  time: compiled project_bd2c96d2de in 0.22s
2023.08.03 21:48:51 INFO  compiling project_bd2c96d2de (1 scala source)
2023.08.03 21:48:51 INFO  time: compiled project_bd2c96d2de in 0.15s
2023.08.03 21:48:54 INFO  compiling project_bd2c96d2de (1 scala source)
2023.08.03 21:48:54 INFO  time: compiled project_bd2c96d2de in 0.14s
2023.08.03 21:49:19 INFO  compiling project_bd2c96d2de (1 scala source)
2023.08.03 21:49:19 INFO  time: compiled project_bd2c96d2de in 0.18s
2023.08.03 21:49:21 INFO  compiling project_bd2c96d2de (1 scala source)
2023.08.03 21:49:21 INFO  time: compiled project_bd2c96d2de in 0.37s
2023.08.03 21:49:38 INFO  compiling project_bd2c96d2de (1 scala source)
2023.08.03 21:49:38 INFO  time: compiled project_bd2c96d2de in 0.17s
2023.08.03 21:49:40 INFO  compiling project_bd2c96d2de (1 scala source)
2023.08.03 21:49:40 INFO  time: compiled project_bd2c96d2de in 0.2s
2023.08.03 21:50:08 INFO  compiling project_bd2c96d2de (1 scala source)
2023.08.03 21:50:08 INFO  time: compiled project_bd2c96d2de in 0.17s
2023.08.03 21:50:17 INFO  compiling project_bd2c96d2de (1 scala source)
2023.08.03 21:50:17 INFO  time: compiled project_bd2c96d2de in 0.14s
Aug 03, 2023 9:55:29 PM org.eclipse.lsp4j.jsonrpc.RemoteEndpoint handleCancellation
WARNING: Unmatched cancel notification for request id 2505
2023.08.03 21:55:31 INFO  compiling project_bd2c96d2de (1 scala source)
2023.08.03 21:55:31 INFO  time: compiled project_bd2c96d2de in 0.3s
2023.08.03 21:56:15 INFO  compiling project_bd2c96d2de (1 scala source)
2023.08.03 21:56:15 INFO  time: compiled project_bd2c96d2de in 0.21s
2023.08.03 21:57:52 INFO  compiling project_bd2c96d2de (1 scala source)
2023.08.03 21:57:52 INFO  time: compiled project_bd2c96d2de in 0.25s
2023.08.03 21:57:54 INFO  compiling project_bd2c96d2de (1 scala source)
2023.08.03 21:57:54 INFO  time: compiled project_bd2c96d2de in 0.19s
2023.08.03 21:58:21 INFO  compiling project_bd2c96d2de (1 scala source)
2023.08.03 21:58:21 INFO  time: compiled project_bd2c96d2de in 0.16s
2023.08.03 21:59:45 INFO  compiling project_bd2c96d2de (1 scala source)
2023.08.03 21:59:45 INFO  time: compiled project_bd2c96d2de in 0.3s
2023.08.03 21:59:58 INFO  compiling project_bd2c96d2de (1 scala source)
2023.08.03 21:59:58 INFO  time: compiled project_bd2c96d2de in 0.18s
2023.08.03 22:18:09 INFO  Shutting down server
2023.08.03 22:18:09 INFO  shutting down Metals
2023.08.03 22:18:09 INFO  Shut down connection with build server.
2023.08.03 22:18:09 INFO  Exiting server
